<?xml version="1.0" encoding="UTF-8"?>
<testsuite name="study.boardproject.ApplicationTests" tests="1" skipped="0" failures="0" errors="0" timestamp="2023-03-12T21:42:57" hostname="meui-MacBookAir.local" time="0.521">
  <properties/>
  <testcase name="contextLoads()" classname="study.boardproject.ApplicationTests" time="0.521"/>
  <system-out><![CDATA[06:42:54.567 [Test worker] DEBUG org.springframework.boot.test.context.SpringBootTestContextBootstrapper - Neither @ContextConfiguration nor @ContextHierarchy found for test class [ApplicationTests]: using SpringBootContextLoader
06:42:54.574 [Test worker] DEBUG org.springframework.test.context.support.AbstractContextLoader - Could not detect default resource locations for test class [study.boardproject.ApplicationTests]: no resource found for suffixes {-context.xml, Context.groovy}.
06:42:54.574 [Test worker] INFO org.springframework.test.context.support.AnnotationConfigContextLoaderUtils - Could not detect default configuration classes for test class [study.boardproject.ApplicationTests]: ApplicationTests does not declare any static, non-private, non-final, nested classes annotated with @Configuration.
06:42:54.609 [Test worker] DEBUG org.springframework.boot.test.context.SpringBootTestContextBootstrapper - Using ContextCustomizers for test class [ApplicationTests]: [DisableObservabilityContextCustomizer, PropertyMappingContextCustomizer, Customizer, ExcludeFilterContextCustomizer, DuplicateJsonObjectContextCustomizer, MockitoContextCustomizer, TestRestTemplateContextCustomizer]
06:42:54.719 [Test worker] DEBUG org.springframework.context.annotation.ClassPathScanningCandidateComponentProvider - Identified candidate component class: file [/Applications/workspace/fastcamp/board/4study/4study-board-project/build/classes/java/main/study/boardproject/Application.class]
06:42:54.722 [Test worker] INFO org.springframework.boot.test.context.SpringBootTestContextBootstrapper - Found @SpringBootConfiguration study.boardproject.Application for test class study.boardproject.ApplicationTests
06:42:54.814 [Test worker] DEBUG org.springframework.test.context.util.TestContextSpringFactoriesUtils - Skipping candidate TestExecutionListener [org.springframework.test.context.transaction.TransactionalTestExecutionListener] due to a missing dependency. Specify custom TestExecutionListener classes or make the default TestExecutionListener classes and their required dependencies available. Offending class: [org/springframework/transaction/interceptor/TransactionAttributeSource]
06:42:54.816 [Test worker] DEBUG org.springframework.test.context.util.TestContextSpringFactoriesUtils - Skipping candidate TestExecutionListener [org.springframework.test.context.jdbc.SqlScriptsTestExecutionListener] due to a missing dependency. Specify custom TestExecutionListener classes or make the default TestExecutionListener classes and their required dependencies available. Offending class: [org/springframework/transaction/interceptor/TransactionAttribute]
06:42:54.818 [Test worker] DEBUG org.springframework.boot.test.context.SpringBootTestContextBootstrapper - Using TestExecutionListeners for test class [ApplicationTests]: [ServletTestExecutionListener, DirtiesContextBeforeModesTestExecutionListener, ApplicationEventsTestExecutionListener, MockitoTestExecutionListener, DependencyInjectionTestExecutionListener, DirtiesContextTestExecutionListener, EventPublishingTestExecutionListener, RestDocsTestExecutionListener, MockRestServiceServerResetTestExecutionListener, MockMvcPrintOnlyOnFailureTestExecutionListener, WebDriverTestExecutionListener, MockWebServiceServerTestExecutionListener, ResetMocksTestExecutionListener]
06:42:54.820 [Test worker] DEBUG org.springframework.test.context.support.AbstractDirtiesContextTestExecutionListener - Before test class: class [ApplicationTests], class annotated with @DirtiesContext [false] with mode [null]

  .   ____          _            __ _ _
 /\\ / ___'_ __ _ _(_)_ __  __ _ \ \ \ \
( ( )\___ | '_ | '_| | '_ \/ _` | \ \ \ \
 \\/  ___)| |_)| | | | | || (_| |  ) ) ) )
  '  |____| .__|_| |_|_| |_\__, | / / / /
 =========|_|==============|___/=/_/_/_/
 :: Spring Boot ::                (v3.0.4)

2023-03-13T06:42:55.212+09:00  INFO 52998 --- [    Test worker] study.boardproject.ApplicationTests      : Starting ApplicationTests using Java 18.0.2.1 with PID 52998 (started by me in /Applications/workspace/fastcamp/board/4study/4study-board-project)
2023-03-13T06:42:55.215+09:00  INFO 52998 --- [    Test worker] study.boardproject.ApplicationTests      : No active profile set, falling back to 1 default profile: "default"
2023-03-13T06:42:57.828+09:00  INFO 52998 --- [    Test worker] o.s.b.a.e.web.EndpointLinksResolver      : Exposing 1 endpoint(s) beneath base path '/actuator'
2023-03-13T06:42:57.896+09:00  INFO 52998 --- [    Test worker] study.boardproject.ApplicationTests      : Started ApplicationTests in 3.026 seconds (process running for 4.495)
]]></system-out>
  <system-err><![CDATA[]]></system-err>
</testsuite>
